# JRE version: OpenJDK Runtime Environment (8.0_152-b01) (build 1.8.0_152-release-1343-b01)
# Java VM: OpenJDK 64-Bit Server VM (25.152-b01 mixed mode windows-amd64 compressed oops)
Heap:
 PSYoungGen      total 353792K, used 279641K [0x00000000e0000000, 0x00000000fb480000, 0x0000000100000000)
  eden space 303616K, 85% used [0x00000000e0000000,0x00000000efe89858,0x00000000f2880000)
  from space 50176K, 37% used [0x00000000f2880000,0x00000000f3b0cf10,0x00000000f5980000)
  to   space 48640K, 0% used [0x00000000f8500000,0x00000000f8500000,0x00000000fb480000)
 ParOldGen       total 189440K, used 46015K [0x00000000a0000000, 0x00000000ab900000, 0x00000000e0000000)
  object space 189440K, 24% used [0x00000000a0000000,0x00000000a2cefda8,0x00000000ab900000)
 Metaspace       used 95057K, capacity 99706K, committed 100520K, reserved 1136640K
  class space    used 12005K, capacity 12952K, committed 13224K, reserved 1048576K
GC Heap History (10 events):
Event: 2277.905 GC heap before
{Heap before GC invocations=23 (full 3):
 PSYoungGen      total 288256K, used 259262K [0x00000000e0000000, 0x00000000f7280000, 0x0000000100000000)
  eden space 233984K, 100% used [0x00000000e0000000,0x00000000ee480000,0x00000000ee480000)
  from space 54272K, 46% used [0x00000000ee480000,0x00000000efd2f9e0,0x00000000f1980000)
  to   space 51712K, 0% used [0x00000000f4000000,0x00000000f4000000,0x00000000f7280000)
 ParOldGen       total 189440K, used 105615K [0x00000000a0000000, 0x00000000ab900000, 0x00000000e0000000)
  object space 189440K, 55% used [0x00000000a0000000,0x00000000a6723ef0,0x00000000ab900000)
 Metaspace       used 90017K, capacity 94222K, committed 94376K, reserved 1130496K
  class space    used 11577K, capacity 12412K, committed 12456K, reserved 1048576K
Event: 2277.929 GC heap after
Heap after GC invocations=23 (full 3):
 PSYoungGen      total 315392K, used 31204K [0x00000000e0000000, 0x00000000f6d00000, 0x0000000100000000)
  eden space 269312K, 0% used [0x00000000e0000000,0x00000000e0000000,0x00000000f0700000)
  from space 46080K, 67% used [0x00000000f4000000,0x00000000f5e791c0,0x00000000f6d00000)
  to   space 52224K, 0% used [0x00000000f0700000,0x00000000f0700000,0x00000000f3a00000)
 ParOldGen       total 189440K, used 105623K [0x00000000a0000000, 0x00000000ab900000, 0x00000000e0000000)
  object space 189440K, 55% used [0x00000000a0000000,0x00000000a6725ef0,0x00000000ab900000)
 Metaspace       used 90017K, capacity 94222K, committed 94376K, reserved 1130496K
  class space    used 11577K, capacity 12412K, committed 12456K, reserved 1048576K
}
Event: 3796.499 GC heap before
{Heap before GC invocations=24 (full 3):
 PSYoungGen      total 315392K, used 300516K [0x00000000e0000000, 0x00000000f6d00000, 0x0000000100000000)
  eden space 269312K, 100% used [0x00000000e0000000,0x00000000f0700000,0x00000000f0700000)
  from space 46080K, 67% used [0x00000000f4000000,0x00000000f5e791c0,0x00000000f6d00000)
  to   space 52224K, 0% used [0x00000000f0700000,0x00000000f0700000,0x00000000f3a00000)
 ParOldGen       total 189440K, used 105623K [0x00000000a0000000, 0x00000000ab900000, 0x00000000e0000000)
  object space 189440K, 55% used [0x00000000a0000000,0x00000000a6725ef0,0x00000000ab900000)
 Metaspace       used 90878K, capacity 95734K, committed 95784K, reserved 1132544K
  class space    used 11684K, capacity 12577K, committed 12584K, reserved 1048576K
Event: 3796.523 GC heap after
Heap after GC invocations=24 (full 3):
 PSYoungGen      total 321536K, used 28591K [0x00000000e0000000, 0x00000000f8b00000, 0x0000000100000000)
  eden space 269312K, 0% used [0x00000000e0000000,0x00000000e0000000,0x00000000f0700000)
  from space 52224K, 54% used [0x00000000f0700000,0x00000000f22ebd40,0x00000000f3a00000)
  to   space 50688K, 0% used [0x00000000f5980000,0x00000000f5980000,0x00000000f8b00000)
 ParOldGen       total 189440K, used 105631K [0x00000000a0000000, 0x00000000ab900000, 0x00000000e0000000)
  object space 189440K, 55% used [0x00000000a0000000,0x00000000a6727ef0,0x00000000ab900000)
 Metaspace       used 90878K, capacity 95734K, committed 95784K, reserved 1132544K
  class space    used 11684K, capacity 12577K, committed 12584K, reserved 1048576K
}
Event: 3797.082 GC heap before
{Heap before GC invocations=25 (full 3):
 PSYoungGen      total 321536K, used 58800K [0x00000000e0000000, 0x00000000f8b00000, 0x0000000100000000)
  eden space 269312K, 11% used [0x00000000e0000000,0x00000000e1d804d0,0x00000000f0700000)
  from space 52224K, 54% used [0x00000000f0700000,0x00000000f22ebd40,0x00000000f3a00000)
  to   space 50688K, 0% used [0x00000000f5980000,0x00000000f5980000,0x00000000f8b00000)
 ParOldGen       total 189440K, used 105631K [0x00000000a0000000, 0x00000000ab900000, 0x00000000e0000000)
  object space 189440K, 55% used [0x00000000a0000000,0x00000000a6727ef0,0x00000000ab900000)
 Metaspace       used 93596K, capacity 98513K, committed 98600K, reserved 1134592K
  class space    used 11953K, capacity 12881K, committed 12968K, reserved 1048576K
Event: 3797.104 GC heap after
Heap after GC invocations=25 (full 3):
 PSYoungGen      total 354304K, used 29958K [0x00000000e0000000, 0x00000000f9080000, 0x0000000100000000)
  eden space 303616K, 0% used [0x00000000e0000000,0x00000000e0000000,0x00000000f2880000)
  from space 50688K, 59% used [0x00000000f5980000,0x00000000f76c1938,0x00000000f8b00000)
  to   space 50176K, 0% used [0x00000000f2880000,0x00000000f2880000,0x00000000f5980000)
 ParOldGen       total 189440K, used 105639K [0x00000000a0000000, 0x00000000ab900000, 0x00000000e0000000)
  object space 189440K, 55% used [0x00000000a0000000,0x00000000a6729ef0,0x00000000ab900000)
 Metaspace       used 93596K, capacity 98513K, committed 98600K, reserved 1134592K
  class space    used 11953K, capacity 12881K, committed 12968K, reserved 1048576K
}
Event: 3797.104 GC heap before
{Heap before GC invocations=26 (full 4):
 PSYoungGen      total 354304K, used 29958K [0x00000000e0000000, 0x00000000f9080000, 0x0000000100000000)
  eden space 303616K, 0% used [0x00000000e0000000,0x00000000e0000000,0x00000000f2880000)
  from space 50688K, 59% used [0x00000000f5980000,0x00000000f76c1938,0x00000000f8b00000)
  to   space 50176K, 0% used [0x00000000f2880000,0x00000000f2880000,0x00000000f5980000)
 ParOldGen       total 189440K, used 105639K [0x00000000a0000000, 0x00000000ab900000, 0x00000000e0000000)
  object space 189440K, 55% used [0x00000000a0000000,0x00000000a6729ef0,0x00000000ab900000)
 Metaspace       used 93596K, capacity 98513K, committed 98600K, reserved 1134592K
  class space    used 11953K, capacity 12881K, committed 12968K, reserved 1048576K
Event: 3797.356 GC heap after
Heap after GC invocations=26 (full 4):
 PSYoungGen      total 354304K, used 0K [0x00000000e0000000, 0x00000000f9080000, 0x0000000100000000)
  eden space 303616K, 0% used [0x00000000e0000000,0x00000000e0000000,0x00000000f2880000)
  from space 50688K, 0% used [0x00000000f5980000,0x00000000f5980000,0x00000000f8b00000)
  to   space 50176K, 0% used [0x00000000f2880000,0x00000000f2880000,0x00000000f5980000)
 ParOldGen       total 189440K, used 46007K [0x00000000a0000000, 0x00000000ab900000, 0x00000000e0000000)
  object space 189440K, 24% used [0x00000000a0000000,0x00000000a2cedda8,0x00000000ab900000)
 Metaspace       used 91095K, capacity 94482K, committed 98600K, reserved 1134592K
  class space    used 11500K, capacity 12137K, committed 12968K, reserved 1048576K
}
Event: 3812.282 GC heap before
{Heap before GC invocations=27 (full 4):
 PSYoungGen      total 354304K, used 303616K [0x00000000e0000000, 0x00000000f9080000, 0x0000000100000000)
  eden space 303616K, 100% used [0x00000000e0000000,0x00000000f2880000,0x00000000f2880000)
  from space 50688K, 0% used [0x00000000f5980000,0x00000000f5980000,0x00000000f8b00000)
  to   space 50176K, 0% used [0x00000000f2880000,0x00000000f2880000,0x00000000f5980000)
 ParOldGen       total 189440K, used 46007K [0x00000000a0000000, 0x00000000ab900000, 0x00000000e0000000)
  object space 189440K, 24% used [0x00000000a0000000,0x00000000a2cedda8,0x00000000ab900000)
 Metaspace       used 94533K, capacity 98838K, committed 99880K, reserved 1136640K
  class space    used 11964K, capacity 12869K, committed 13096K, reserved 1048576K
Event: 3812.299 GC heap after
Heap after GC invocations=27 (full 4):
 PSYoungGen      total 353792K, used 18995K [0x00000000e0000000, 0x00000000fb480000, 0x0000000100000000)
  eden space 303616K, 0% used [0x00000000e0000000,0x00000000e0000000,0x00000000f2880000)
  from space 50176K, 37% used [0x00000000f2880000,0x00000000f3b0cf10,0x00000000f5980000)
  to   space 48640K, 0% used [0x00000000f8500000,0x00000000f8500000,0x00000000fb480000)
 ParOldGen       total 189440K, used 46015K [0x00000000a0000000, 0x00000000ab900000, 0x00000000e0000000)
  object space 189440K, 24% used [0x00000000a0000000,0x00000000a2cefda8,0x00000000ab900000)
 Metaspace       used 94533K, capacity 98838K, committed 99880K, reserved 1136640K
  class space    used 11964K, capacity 12869K, committed 13096K, reserved 1048576K
}

