# JRE version: OpenJDK Runtime Environment (8.0_152-b01) (build 1.8.0_152-release-1343-b01)
# Java VM: OpenJDK 64-Bit Server VM (25.152-b01 mixed mode windows-amd64 compressed oops)
Heap:
 PSYoungGen      total 413184K, used 213787K [0x00000000e0000000, 0x0000000100000000, 0x0000000100000000)
  eden space 346112K, 42% used [0x00000000e0000000,0x00000000e8f9d528,0x00000000f5200000)
  from space 67072K, 99% used [0x00000000f5200000,0x00000000f9329868,0x00000000f9380000)
  to   space 96768K, 0% used [0x00000000fa180000,0x00000000fa180000,0x0000000100000000)
 ParOldGen       total 415744K, used 108364K [0x00000000a0000000, 0x00000000b9600000, 0x00000000e0000000)
  object space 415744K, 26% used [0x00000000a0000000,0x00000000a69d3228,0x00000000b9600000)
 Metaspace       used 197006K, capacity 209036K, committed 209264K, reserved 1232896K
  class space    used 24203K, capacity 26263K, committed 26480K, reserved 1048576K
GC Heap History (10 events):
Event: 6352.063 GC heap before
{Heap before GC invocations=62 (full 5):
 PSYoungGen      total 434176K, used 388049K [0x00000000e0000000, 0x00000000ff900000, 0x0000000100000000)
  eden space 355328K, 100% used [0x00000000e0000000,0x00000000f5b00000,0x00000000f5b00000)
  from space 78848K, 41% used [0x00000000fac00000,0x00000000fcbf46f0,0x00000000ff900000)
  to   space 80896K, 0% used [0x00000000f5b00000,0x00000000f5b00000,0x00000000faa00000)
 ParOldGen       total 415744K, used 88756K [0x00000000a0000000, 0x00000000b9600000, 0x00000000e0000000)
  object space 415744K, 21% used [0x00000000a0000000,0x00000000a56ad108,0x00000000b9600000)
 Metaspace       used 166629K, capacity 175698K, committed 177776K, reserved 1204224K
  class space    used 20377K, capacity 21926K, committed 22384K, reserved 1048576K
Event: 6352.102 GC heap after
Heap after GC invocations=62 (full 5):
 PSYoungGen      total 436224K, used 28595K [0x00000000e0000000, 0x00000000ffb00000, 0x0000000100000000)
  eden space 355328K, 0% used [0x00000000e0000000,0x00000000e0000000,0x00000000f5b00000)
  from space 80896K, 35% used [0x00000000f5b00000,0x00000000f76ecff8,0x00000000faa00000)
  to   space 77312K, 0% used [0x00000000faf80000,0x00000000faf80000,0x00000000ffb00000)
 ParOldGen       total 415744K, used 104298K [0x00000000a0000000, 0x00000000b9600000, 0x00000000e0000000)
  object space 415744K, 25% used [0x00000000a0000000,0x00000000a65dab58,0x00000000b9600000)
 Metaspace       used 166629K, capacity 175698K, committed 177776K, reserved 1204224K
  class space    used 20377K, capacity 21926K, committed 22384K, reserved 1048576K
}
Event: 7090.664 GC heap before
{Heap before GC invocations=63 (full 5):
 PSYoungGen      total 436224K, used 383923K [0x00000000e0000000, 0x00000000ffb00000, 0x0000000100000000)
  eden space 355328K, 100% used [0x00000000e0000000,0x00000000f5b00000,0x00000000f5b00000)
  from space 80896K, 35% used [0x00000000f5b00000,0x00000000f76ecff8,0x00000000faa00000)
  to   space 77312K, 0% used [0x00000000faf80000,0x00000000faf80000,0x00000000ffb00000)
 ParOldGen       total 415744K, used 104298K [0x00000000a0000000, 0x00000000b9600000, 0x00000000e0000000)
  object space 415744K, 25% used [0x00000000a0000000,0x00000000a65dab58,0x00000000b9600000)
 Metaspace       used 182598K, capacity 192884K, committed 193648K, reserved 1218560K
  class space    used 22424K, capacity 24165K, committed 24432K, reserved 1048576K
Event: 7090.711 GC heap after
Heap after GC invocations=63 (full 5):
 PSYoungGen      total 441856K, used 34073K [0x00000000e0000000, 0x00000000ff980000, 0x0000000100000000)
  eden space 366080K, 0% used [0x00000000e0000000,0x00000000e0000000,0x00000000f6580000)
  from space 75776K, 44% used [0x00000000faf80000,0x00000000fd0c6588,0x00000000ff980000)
  to   space 75776K, 0% used [0x00000000f6580000,0x00000000f6580000,0x00000000faf80000)
 ParOldGen       total 415744K, used 108340K [0x00000000a0000000, 0x00000000b9600000, 0x00000000e0000000)
  object space 415744K, 26% used [0x00000000a0000000,0x00000000a69cd228,0x00000000b9600000)
 Metaspace       used 182598K, capacity 192884K, committed 193648K, reserved 1218560K
  class space    used 22424K, capacity 24165K, committed 24432K, reserved 1048576K
}
Event: 8160.857 GC heap before
{Heap before GC invocations=64 (full 5):
 PSYoungGen      total 441856K, used 400153K [0x00000000e0000000, 0x00000000ff980000, 0x0000000100000000)
  eden space 366080K, 100% used [0x00000000e0000000,0x00000000f6580000,0x00000000f6580000)
  from space 75776K, 44% used [0x00000000faf80000,0x00000000fd0c6588,0x00000000ff980000)
  to   space 75776K, 0% used [0x00000000f6580000,0x00000000f6580000,0x00000000faf80000)
 ParOldGen       total 415744K, used 108340K [0x00000000a0000000, 0x00000000b9600000, 0x00000000e0000000)
  object space 415744K, 26% used [0x00000000a0000000,0x00000000a69cd228,0x00000000b9600000)
 Metaspace       used 185173K, capacity 195882K, committed 196336K, reserved 1220608K
  class space    used 22738K, capacity 24592K, committed 24816K, reserved 1048576K
Event: 8160.929 GC heap after
Heap after GC invocations=64 (full 5):
 PSYoungGen      total 441856K, used 37550K [0x00000000e0000000, 0x0000000100000000, 0x0000000100000000)
  eden space 366080K, 0% used [0x00000000e0000000,0x00000000e0000000,0x00000000f6580000)
  from space 75776K, 49% used [0x00000000f6580000,0x00000000f8a2ba60,0x00000000faf80000)
  to   space 75776K, 0% used [0x00000000fb600000,0x00000000fb600000,0x0000000100000000)
 ParOldGen       total 415744K, used 108348K [0x00000000a0000000, 0x00000000b9600000, 0x00000000e0000000)
  object space 415744K, 26% used [0x00000000a0000000,0x00000000a69cf228,0x00000000b9600000)
 Metaspace       used 185173K, capacity 195882K, committed 196336K, reserved 1220608K
  class space    used 22738K, capacity 24592K, committed 24816K, reserved 1048576K
}
Event: 8167.683 GC heap before
{Heap before GC invocations=65 (full 5):
 PSYoungGen      total 441856K, used 403630K [0x00000000e0000000, 0x0000000100000000, 0x0000000100000000)
  eden space 366080K, 100% used [0x00000000e0000000,0x00000000f6580000,0x00000000f6580000)
  from space 75776K, 49% used [0x00000000f6580000,0x00000000f8a2ba60,0x00000000faf80000)
  to   space 75776K, 0% used [0x00000000fb600000,0x00000000fb600000,0x0000000100000000)
 ParOldGen       total 415744K, used 108348K [0x00000000a0000000, 0x00000000b9600000, 0x00000000e0000000)
  object space 415744K, 26% used [0x00000000a0000000,0x00000000a69cf228,0x00000000b9600000)
 Metaspace       used 187059K, capacity 197864K, committed 198256K, reserved 1222656K
  class space    used 22907K, capacity 24801K, committed 24944K, reserved 1048576K
Event: 8167.766 GC heap after
Heap after GC invocations=65 (full 5):
 PSYoungGen      total 421888K, used 74841K [0x00000000e0000000, 0x0000000100000000, 0x0000000100000000)
  eden space 346112K, 0% used [0x00000000e0000000,0x00000000e0000000,0x00000000f5200000)
  from space 75776K, 98% used [0x00000000fb600000,0x00000000fff164e0,0x0000000100000000)
  to   space 89088K, 0% used [0x00000000f5200000,0x00000000f5200000,0x00000000fa900000)
 ParOldGen       total 415744K, used 108356K [0x00000000a0000000, 0x00000000b9600000, 0x00000000e0000000)
  object space 415744K, 26% used [0x00000000a0000000,0x00000000a69d1228,0x00000000b9600000)
 Metaspace       used 187059K, capacity 197864K, committed 198256K, reserved 1222656K
  class space    used 22907K, capacity 24801K, committed 24944K, reserved 1048576K
}
Event: 8170.728 GC heap before
{Heap before GC invocations=66 (full 5):
 PSYoungGen      total 421888K, used 420953K [0x00000000e0000000, 0x0000000100000000, 0x0000000100000000)
  eden space 346112K, 100% used [0x00000000e0000000,0x00000000f5200000,0x00000000f5200000)
  from space 75776K, 98% used [0x00000000fb600000,0x00000000fff164e0,0x0000000100000000)
  to   space 89088K, 0% used [0x00000000f5200000,0x00000000f5200000,0x00000000fa900000)
 ParOldGen       total 415744K, used 108356K [0x00000000a0000000, 0x00000000b9600000, 0x00000000e0000000)
  object space 415744K, 26% used [0x00000000a0000000,0x00000000a69d1228,0x00000000b9600000)
 Metaspace       used 196763K, capacity 208830K, committed 209264K, reserved 1232896K
  class space    used 24185K, capacity 26262K, committed 26480K, reserved 1048576K
Event: 8170.805 GC heap after
Heap after GC invocations=66 (full 5):
 PSYoungGen      total 413184K, used 66726K [0x00000000e0000000, 0x0000000100000000, 0x0000000100000000)
  eden space 346112K, 0% used [0x00000000e0000000,0x00000000e0000000,0x00000000f5200000)
  from space 67072K, 99% used [0x00000000f5200000,0x00000000f9329868,0x00000000f9380000)
  to   space 96768K, 0% used [0x00000000fa180000,0x00000000fa180000,0x0000000100000000)
 ParOldGen       total 415744K, used 108364K [0x00000000a0000000, 0x00000000b9600000, 0x00000000e0000000)
  object space 415744K, 26% used [0x00000000a0000000,0x00000000a69d3228,0x00000000b9600000)
 Metaspace       used 196763K, capacity 208830K, committed 209264K, reserved 1232896K
  class space    used 24185K, capacity 26262K, committed 26480K, reserved 1048576K
}

